<?xml version="1.0" encoding="UTF-8"?>
<!-- Generated by org.testng.reporters.JUnitXMLReporter -->
<testsuite ignored="5" hostname="IBM-D31SMM3" failures="0" tests="1" name="Default test" time="2.373" errors="0" timestamp="04 Jun 2022 12:04:22 GMT">
  <testcase classname="Project.Rest_assure.swaggerrestassure$create_user" name="login_method" time="2.361"/>
  <testcase classname="Project.Rest_assure.swaggerrestassure$create_user" name="delete_method" time="0.0">
    <ignored/>
  </testcase> <!-- delete_method -->
  <testcase classname="Project.Rest_assure.swaggerrestassure$create_user" name="put_method" time="0.0">
    <ignored/>
  </testcase> <!-- put_method -->
  <testcase classname="Project.Rest_assure.swaggerrestassure$create_user" name="logout_method" time="0.0">
    <ignored/>
  </testcase> <!-- logout_method -->
  <testcase classname="Project.Rest_assure.swaggerrestassure$create_user" name="post_method" time="0.0">
    <ignored/>
  </testcase> <!-- post_method -->
  <testcase classname="Project.Rest_assure.swaggerrestassure$create_user" name="get_method" time="0.0">
    <ignored/>
  </testcase> <!-- get_method -->
</testsuite> <!-- Default test -->
