<?xml version="1.0" encoding="UTF-8"?>
<testng-results ignored="5" total="6" passed="1" failed="0" skipped="0">
  <reporter-output>
  </reporter-output>
  <suite started-at="2022-06-04T12:04:19Z" name="Default suite" finished-at="2022-06-04T12:04:22Z" duration-ms="2373">
    <groups>
    </groups>
    <test started-at="2022-06-04T12:04:19Z" name="Default test" finished-at="2022-06-04T12:04:22Z" duration-ms="2373">
      <class name="Project.Rest_assure.swaggerrestassure$create_user">
        <test-method signature="login_method()[pri:0, instance:Project.Rest_assure.swaggerrestassure$create_user@6a47b187]" started-at="2022-06-04T17:34:19Z" name="login_method" finished-at="2022-06-04T17:34:22Z" duration-ms="2361" status="PASS">
          <reporter-output>
          </reporter-output>
        </test-method> <!-- login_method -->
      </class> <!-- Project.Rest_assure.swaggerrestassure$create_user -->
    </test> <!-- Default test -->
  </suite> <!-- Default suite -->
</testng-results>
